[2026-06-17 15:18:57] [TEST_EVENT] [test_script@digibookedu.com (system)] Automated script verified log writing functionality
[2026-06-17 15:19:06] [TEST_EVENT] [test_script@digibookedu.com (system)] Automated script verified log writing functionality
[2026-06-17 15:21:20] [ROUTE] [Anonymous] Navigated to portal view: "landing"
[2026-06-17 15:21:21] [ROUTE] [Anonymous] Navigated to portal view: "landing"
[2026-06-17 15:21:33] [CLICK] [Anonymous] Clicked Sign In button in navbar
[2026-06-17 15:21:40] [AUTH_SUCCESS] [student@digibookedu.com (student)] User logged in successfully
[2026-06-17 15:22:03] [ROUTE] [Anonymous] Navigated to portal view: "landing"
[2026-06-17 15:22:03] [ROUTE] [Anonymous] Navigated to portal view: "landing"
[2026-06-17 15:22:10] [CLICK] [Anonymous] Clicked Sign In button in navbar
[2026-06-17 15:22:11] [AUTH_SUCCESS] [priyanshupriyesh@gmail.com (admin)] User logged in successfully
[2026-06-17 15:22:11] [PORTAL_NAVIGATION] [priyanshupriyesh@gmail.com (admin)] Admin switched dashboard tab to: "overview"
[2026-06-17 15:22:11] [ROUTE] [priyanshupriyesh@gmail.com (admin)] Navigated to portal view: "admin"
[2026-06-17 15:22:11] [PORTAL_NAVIGATION] [priyanshupriyesh@gmail.com (admin)] Admin switched dashboard tab to: "overview"
[2026-06-17 15:22:14] [PORTAL_NAVIGATION] [priyanshupriyesh@gmail.com (admin)] Admin switched dashboard tab to: "users"
[2026-06-17 15:22:15] [PORTAL_NAVIGATION] [priyanshupriyesh@gmail.com (admin)] Admin switched dashboard tab to: "courses"
[2026-06-17 15:22:17] [PORTAL_NAVIGATION] [priyanshupriyesh@gmail.com (admin)] Admin switched dashboard tab to: "blogs"
[2026-06-17 15:22:18] [PORTAL_NAVIGATION] [priyanshupriyesh@gmail.com (admin)] Admin switched dashboard tab to: "logs"
[2026-06-17 15:22:29] [PORTAL_NAVIGATION] [priyanshupriyesh@gmail.com (admin)] Admin switched dashboard tab to: "overview"
[2026-06-17 15:22:30] [PORTAL_NAVIGATION] [priyanshupriyesh@gmail.com (admin)] Admin switched dashboard tab to: "users"
[2026-06-17 15:22:34] [PORTAL_NAVIGATION] [priyanshupriyesh@gmail.com (admin)] Admin switched dashboard tab to: "courses"
[2026-06-17 15:22:37] [PORTAL_NAVIGATION] [priyanshupriyesh@gmail.com (admin)] Admin switched dashboard tab to: "blogs"
[2026-06-17 15:22:40] [PORTAL_NAVIGATION] [priyanshupriyesh@gmail.com (admin)] Admin switched dashboard tab to: "logs"
[2026-06-17 15:22:56] [PORTAL_NAVIGATION] [Anonymous] Admin switched dashboard tab to: "overview"
[2026-06-17 15:22:56] [ROUTE] [Anonymous] Navigated to portal view: "admin"
[2026-06-17 15:22:56] [PORTAL_NAVIGATION] [Anonymous] Admin switched dashboard tab to: "overview"
[2026-06-17 15:22:56] [ROUTE] [Anonymous] Navigated to portal view: "admin"
[2026-06-17 15:23:00] [ROUTE] [Anonymous] Navigated to portal view: "landing"
[2026-06-17 15:37:39] [ROUTE] [Anonymous] Navigated to portal view: "landing"
[2026-06-17 15:37:39] [ROUTE] [Anonymous] Navigated to portal view: "landing"
[2026-06-17 15:40:51] [CLICK] [Anonymous] Clicked navigation link: "Courses"
[2026-06-17 15:40:52] [CLICK] [Anonymous] Clicked navigation link: "Categories"
[2026-06-17 15:42:45] [CLICK] [Anonymous] Clicked navigation link: "Blogs"
[2026-06-17 15:42:45] [ROUTE] [Anonymous] Navigated to portal view: "blogs"
[2026-06-17 15:42:57] [CLICK] [Anonymous] Clicked navigation link: "Home"
[2026-06-17 15:42:57] [ROUTE] [Anonymous] Navigated to portal view: "landing"
[2026-06-17 15:43:17] [CLICK] [Anonymous] Clicked Sign In button in navbar
[2026-06-17 15:43:35] [AUTH_SUCCESS] [student@digibookedu.com (student)] User logged in successfully
[2026-06-17 15:43:48] [ROUTE] [Anonymous] Navigated to portal view: "landing"
[2026-06-17 15:43:48] [ROUTE] [Anonymous] Navigated to portal view: "landing"
[2026-06-17 15:43:49] [CLICK] [Anonymous] Clicked Sign In button in navbar
[2026-06-17 15:44:03] [AUTH_SUCCESS] [teacher@digibookedu.com (teacher)] User logged in successfully
[2026-06-17 15:44:03] [AUTH_SUCCESS] [teacher@digibookedu.com (teacher)] User logged in successfully
[2026-06-17 15:44:03] [AUTH_SUCCESS] [teacher@digibookedu.com (teacher)] User logged in successfully
[2026-06-17 15:44:03] [AUTH_SUCCESS] [student@digibookedu.com (student)] User logged in successfully
[2026-06-17 15:44:03] [AUTH_SUCCESS] [priyanshupriyesh@gmail.com (admin)] User logged in successfully
[2026-06-17 15:44:03] [AUTH_SUCCESS] [teacher@digibookedu.com (teacher)] User logged in successfully
[2026-06-17 15:44:08] [ROUTE] [Anonymous] Navigated to portal view: "landing"
[2026-06-17 15:44:08] [ROUTE] [Anonymous] Navigated to portal view: "landing"
[2026-06-17 15:44:09] [CLICK] [Anonymous] Clicked Sign In button in navbar
[2026-06-17 15:44:13] [AUTH_SUCCESS] [priyanshupriyesh@gmail.com (admin)] User logged in successfully
[2026-06-17 15:44:13] [PORTAL_NAVIGATION] [priyanshupriyesh@gmail.com (admin)] Admin switched dashboard tab to: "overview"
[2026-06-17 15:44:13] [ROUTE] [priyanshupriyesh@gmail.com (admin)] Navigated to portal view: "admin"
[2026-06-17 15:44:13] [PORTAL_NAVIGATION] [priyanshupriyesh@gmail.com (admin)] Admin switched dashboard tab to: "overview"
[2026-06-17 15:44:26] [PORTAL_NAVIGATION] [priyanshupriyesh@gmail.com (admin)] Admin switched dashboard tab to: "users"
[2026-06-17 15:44:40] [PORTAL_NAVIGATION] [priyanshupriyesh@gmail.com (admin)] Admin switched dashboard tab to: "courses"
[2026-06-17 15:44:42] [PORTAL_NAVIGATION] [priyanshupriyesh@gmail.com (admin)] Admin switched dashboard tab to: "blogs"
[2026-06-17 15:44:44] [PORTAL_NAVIGATION] [priyanshupriyesh@gmail.com (admin)] Admin switched dashboard tab to: "logs"
[2026-06-17 15:45:09] [ROUTE] [priyanshupriyesh@gmail.com (admin)] Navigated to portal view: "landing"
[2026-06-17 15:45:13] [AUTH_LOGOUT] [priyanshupriyesh@gmail.com (admin)] User logged out
[2026-06-17 15:45:35] [CLICK] [Anonymous] Clicked navigation link: "Blogs"
[2026-06-17 15:45:35] [ROUTE] [Anonymous] Navigated to portal view: "blogs"
[2026-06-17 15:45:40] [CLICK] [Anonymous] Clicked navigation link: "Home"
[2026-06-17 15:45:40] [ROUTE] [Anonymous] Navigated to portal view: "landing"
[2026-06-17 15:45:44] [CLICK] [Anonymous] Clicked navigation link: "Blogs"
[2026-06-17 15:45:44] [ROUTE] [Anonymous] Navigated to portal view: "blogs"
[2026-06-17 15:46:04] [CLICK] [Anonymous] Clicked navigation link: "Contact"
[2026-06-17 15:46:04] [ROUTE] [Anonymous] Navigated to portal view: "landing"
[2026-06-17 15:54:50] [CLICK] [Anonymous] Clicked Sign In button in navbar
[2026-06-17 15:54:52] [PORTAL_NAVIGATION] [priyanshupriyesh@gmail.com (admin)] Admin switched dashboard tab to: "overview"
[2026-06-17 15:54:52] [AUTH_SUCCESS] [priyanshupriyesh@gmail.com (admin)] User logged in successfully
[2026-06-17 15:54:52] [ROUTE] [priyanshupriyesh@gmail.com (admin)] Navigated to portal view: "admin"
[2026-06-17 15:54:52] [PORTAL_NAVIGATION] [priyanshupriyesh@gmail.com (admin)] Admin switched dashboard tab to: "overview"
[2026-06-17 16:01:18] [ROUTE] [Anonymous] Navigated to portal view: "landing"
[2026-06-17 16:01:18] [ROUTE] [Anonymous] Navigated to portal view: "landing"
[2026-06-17 16:01:22] [ROUTE] [Anonymous] Navigated to portal view: "landing"
[2026-06-17 16:01:22] [ROUTE] [Anonymous] Navigated to portal view: "landing"
[2026-06-17 16:01:39] [ROUTE] [Anonymous] Navigated to portal view: "landing"
[2026-06-17 16:01:39] [ROUTE] [Anonymous] Navigated to portal view: "landing"
[2026-06-17 16:27:15] [ROUTE] [Anonymous] Navigated to portal view: "landing"
[2026-06-17 16:27:15] [ROUTE] [Anonymous] Navigated to portal view: "landing"
[2026-06-17 16:27:43] [ROUTE] [Anonymous] Navigated to portal view: "landing"
[2026-06-17 16:27:43] [ROUTE] [Anonymous] Navigated to portal view: "landing"
[2026-06-17 16:31:32] [ROUTE] [Anonymous] Navigated to portal view: "landing"
[2026-06-17 16:31:32] [ROUTE] [Anonymous] Navigated to portal view: "landing"
[2026-06-18 10:20:05] [ROUTE] [Anonymous] Navigated to portal view: "landing"
[2026-06-18 10:31:56] [ROUTE] [Anonymous] Navigated to portal view: "landing"
[2026-06-18 10:31:56] [ROUTE] [Anonymous] Navigated to portal view: "landing"
[2026-06-18 10:32:02] [ROUTE] [Anonymous] Navigated to portal view: "landing"
[2026-06-18 10:32:02] [ROUTE] [Anonymous] Navigated to portal view: "landing"
[2026-06-18 10:32:41] [CLICK] [Anonymous] Clicked navigation link: "Student Portal"
[2026-06-18 10:32:46] [AUTH_SUCCESS] [student@digibookedu.com (student)] User logged in successfully
[2026-06-18 10:34:03] [ROUTE] [Anonymous] Navigated to portal view: "landing"
[2026-06-18 10:34:03] [ROUTE] [Anonymous] Navigated to portal view: "landing"
[2026-06-18 10:36:58] [ROUTE] [Anonymous] Navigated to portal view: "landing"
[2026-06-18 10:36:58] [ROUTE] [Anonymous] Navigated to portal view: "landing"
[2026-06-18 10:37:01] [CLICK] [Anonymous] Clicked Sign In button in navbar
[2026-06-18 10:37:03] [AUTH_SUCCESS] [teacher@digibookedu.com (teacher)] User logged in successfully
[2026-06-18 10:42:36] [ROUTE] [Anonymous] Navigated to portal view: "landing"
[2026-06-18 10:42:36] [ROUTE] [Anonymous] Navigated to portal view: "landing"
[2026-06-18 10:43:04] [CLICK] [Anonymous] Clicked Sign In button in navbar
[2026-06-18 10:45:49] [CLICK] [Anonymous] Clicked Sign In button in navbar
[2026-06-18 10:55:07] [ROUTE] [Anonymous] Navigated to portal view: "landing"
[2026-06-18 10:55:07] [ROUTE] [Anonymous] Navigated to portal view: "landing"
[2026-06-18 10:55:09] [CLICK] [Anonymous] Clicked Sign In button in navbar
[2026-06-18 10:55:12] [AUTH_SUCCESS] [priyanshupriyesh@gmail.com (admin)] User logged in successfully
[2026-06-18 10:55:12] [PORTAL_NAVIGATION] [priyanshupriyesh@gmail.com (admin)] Admin switched dashboard tab to: "overview"
[2026-06-18 10:55:12] [ROUTE] [priyanshupriyesh@gmail.com (admin)] Navigated to portal view: "admin"
[2026-06-18 10:55:12] [PORTAL_NAVIGATION] [priyanshupriyesh@gmail.com (admin)] Admin switched dashboard tab to: "overview"
[2026-06-18 10:55:17] [PORTAL_NAVIGATION] [priyanshupriyesh@gmail.com (admin)] Student switched dashboard tab to: "dashboard"
[2026-06-18 10:55:17] [PORTAL_NAVIGATION] [priyanshupriyesh@gmail.com (admin)] Student switched dashboard tab to: "dashboard"
[2026-06-18 10:55:17] [ROUTE] [priyanshupriyesh@gmail.com (admin)] Navigated to portal view: "student"
[2026-06-18 10:55:29] [CLICK] [priyanshupriyesh@gmail.com (admin)] Clicked Study Material & Blog button from Student Portal
[2026-06-18 10:55:29] [ROUTE] [priyanshupriyesh@gmail.com (admin)] Navigated to portal view: "blogs"
[2026-06-18 10:55:35] [PORTAL_NAVIGATION] [priyanshupriyesh@gmail.com (admin)] Admin switched dashboard tab to: "overview"
[2026-06-18 10:55:35] [ROUTE] [priyanshupriyesh@gmail.com (admin)] Navigated to portal view: "admin"
[2026-06-18 10:55:35] [PORTAL_NAVIGATION] [priyanshupriyesh@gmail.com (admin)] Admin switched dashboard tab to: "overview"
[2026-06-18 10:55:39] [PORTAL_NAVIGATION] [priyanshupriyesh@gmail.com (admin)] Marketing team switched dashboard tab to: "dashboard"
[2026-06-18 10:55:39] [ROUTE] [priyanshupriyesh@gmail.com (admin)] Navigated to portal view: "marketing"
[2026-06-18 10:55:39] [PORTAL_NAVIGATION] [priyanshupriyesh@gmail.com (admin)] Marketing team switched dashboard tab to: "dashboard"
[2026-06-18 10:55:46] [PORTAL_NAVIGATION] [priyanshupriyesh@gmail.com (admin)] Marketing team switched dashboard tab to: "publish"
[2026-06-18 10:55:55] [PORTAL_NAVIGATION] [priyanshupriyesh@gmail.com (admin)] Marketing team switched dashboard tab to: "manage"
[2026-06-18 10:55:59] [PORTAL_NAVIGATION] [priyanshupriyesh@gmail.com (admin)] Marketing team switched dashboard tab to: "dashboard"
[2026-06-18 10:56:01] [PORTAL_NAVIGATION] [priyanshupriyesh@gmail.com (admin)] Marketing team switched dashboard tab to: "profile"
[2026-06-18 10:56:09] [PORTAL_NAVIGATION] [priyanshupriyesh@gmail.com (admin)] Marketing team switched dashboard tab to: "dashboard"
[2026-06-18 10:56:16] [PORTAL_NAVIGATION] [priyanshupriyesh@gmail.com (admin)] Marketing team switched dashboard tab to: "publish"
[2026-06-18 10:56:31] [PORTAL_NAVIGATION] [priyanshupriyesh@gmail.com (admin)] Marketing team switched dashboard tab to: "manage"
[2026-06-18 10:56:34] [PORTAL_NAVIGATION] [priyanshupriyesh@gmail.com (admin)] Marketing team switched dashboard tab to: "profile"
[2026-06-18 10:56:39] [PORTAL_NAVIGATION] [priyanshupriyesh@gmail.com (admin)] Marketing team switched dashboard tab to: "publish"
[2026-06-18 10:56:41] [PORTAL_NAVIGATION] [priyanshupriyesh@gmail.com (admin)] Marketing team switched dashboard tab to: "dashboard"
[2026-06-18 10:56:45] [PORTAL_NAVIGATION] [priyanshupriyesh@gmail.com (admin)] Marketing team switched dashboard tab to: "manage"
[2026-06-18 10:56:48] [PORTAL_NAVIGATION] [priyanshupriyesh@gmail.com (admin)] Marketing team switched dashboard tab to: "dashboard"
[2026-06-18 10:56:54] [PORTAL_NAVIGATION] [priyanshupriyesh@gmail.com (admin)] Marketing team switched dashboard tab to: "manage"
[2026-06-18 10:57:06] [PORTAL_NAVIGATION] [priyanshupriyesh@gmail.com (admin)] Marketing team switched dashboard tab to: "profile"
[2026-06-18 10:57:09] [PORTAL_NAVIGATION] [priyanshupriyesh@gmail.com (admin)] Admin switched dashboard tab to: "overview"
[2026-06-18 10:57:09] [ROUTE] [priyanshupriyesh@gmail.com (admin)] Navigated to portal view: "admin"
[2026-06-18 10:57:09] [PORTAL_NAVIGATION] [priyanshupriyesh@gmail.com (admin)] Admin switched dashboard tab to: "overview"
[2026-06-18 10:57:12] [PORTAL_NAVIGATION] [priyanshupriyesh@gmail.com (admin)] Admin switched dashboard tab to: "users"
[2026-06-18 10:57:13] [PORTAL_NAVIGATION] [priyanshupriyesh@gmail.com (admin)] Admin switched dashboard tab to: "courses"
[2026-06-18 10:57:14] [PORTAL_NAVIGATION] [priyanshupriyesh@gmail.com (admin)] Admin switched dashboard tab to: "users"
[2026-06-18 10:57:15] [PORTAL_NAVIGATION] [priyanshupriyesh@gmail.com (admin)] Admin switched dashboard tab to: "courses"
[2026-06-18 10:57:16] [PORTAL_NAVIGATION] [priyanshupriyesh@gmail.com (admin)] Admin switched dashboard tab to: "blogs"
[2026-06-18 10:57:17] [PORTAL_NAVIGATION] [priyanshupriyesh@gmail.com (admin)] Admin switched dashboard tab to: "logs"
[2026-06-18 10:57:23] [PORTAL_NAVIGATION] [Anonymous] Admin switched dashboard tab to: "overview"
[2026-06-18 10:57:23] [PORTAL_NAVIGATION] [Anonymous] Admin switched dashboard tab to: "overview"
[2026-06-18 10:57:23] [ROUTE] [Anonymous] Navigated to portal view: "admin"
[2026-06-18 10:57:23] [ROUTE] [Anonymous] Navigated to portal view: "admin"
[2026-06-18 10:57:26] [ROUTE] [Anonymous] Navigated to portal view: "landing"
[2026-06-18 10:57:28] [CLICK] [Anonymous] Clicked Sign In button in navbar
[2026-06-18 10:57:30] [AUTH_SUCCESS] [marketing@digibookedu.com (marketing)] User logged in successfully
[2026-06-18 10:57:30] [PORTAL_NAVIGATION] [marketing@digibookedu.com (marketing)] Marketing team switched dashboard tab to: "dashboard"
[2026-06-18 10:57:30] [ROUTE] [marketing@digibookedu.com (marketing)] Navigated to portal view: "marketing"
[2026-06-18 10:57:30] [PORTAL_NAVIGATION] [marketing@digibookedu.com (marketing)] Marketing team switched dashboard tab to: "dashboard"
[2026-06-18 10:57:33] [AUTH_LOGOUT] [marketing@digibookedu.com (marketing)] User logged out
[2026-06-18 10:57:33] [ROUTE] [Anonymous] Navigated to portal view: "landing"
[2026-06-18 10:57:34] [CLICK] [Anonymous] Clicked Sign In button in navbar
[2026-06-18 10:57:37] [AUTH_SUCCESS] [priyanshupriyesh@gmail.com (admin)] User logged in successfully
[2026-06-18 10:57:37] [PORTAL_NAVIGATION] [priyanshupriyesh@gmail.com (admin)] Admin switched dashboard tab to: "overview"
[2026-06-18 10:57:37] [ROUTE] [priyanshupriyesh@gmail.com (admin)] Navigated to portal view: "admin"
[2026-06-18 10:57:37] [PORTAL_NAVIGATION] [priyanshupriyesh@gmail.com (admin)] Admin switched dashboard tab to: "overview"
[2026-06-18 10:57:39] [ROUTE] [priyanshupriyesh@gmail.com (admin)] Navigated to portal view: "landing"
[2026-06-18 10:57:42] [ROUTE] [priyanshupriyesh@gmail.com (admin)] Navigated to portal view: "admin"
[2026-06-18 10:57:42] [PORTAL_NAVIGATION] [priyanshupriyesh@gmail.com (admin)] Admin switched dashboard tab to: "overview"
[2026-06-18 10:57:42] [PORTAL_NAVIGATION] [priyanshupriyesh@gmail.com (admin)] Admin switched dashboard tab to: "overview"
[2026-06-18 10:57:44] [PORTAL_NAVIGATION] [Anonymous] Admin switched dashboard tab to: "overview"
[2026-06-18 10:57:44] [ROUTE] [Anonymous] Navigated to portal view: "admin"
[2026-06-18 10:57:44] [PORTAL_NAVIGATION] [Anonymous] Admin switched dashboard tab to: "overview"
[2026-06-18 10:57:44] [ROUTE] [Anonymous] Navigated to portal view: "admin"
[2026-06-18 10:57:56] [ROUTE] [Anonymous] Navigated to portal view: "landing"
[2026-06-18 10:57:58] [CLICK] [Anonymous] Clicked Sign In button in navbar
[2026-06-18 10:58:00] [AUTH_SUCCESS] [priyanshupriyesh@gmail.com (admin)] User logged in successfully
[2026-06-18 10:58:00] [PORTAL_NAVIGATION] [priyanshupriyesh@gmail.com (admin)] Admin switched dashboard tab to: "overview"
[2026-06-18 10:58:00] [ROUTE] [priyanshupriyesh@gmail.com (admin)] Navigated to portal view: "admin"
[2026-06-18 10:58:00] [PORTAL_NAVIGATION] [priyanshupriyesh@gmail.com (admin)] Admin switched dashboard tab to: "overview"
[2026-06-18 10:58:08] [PORTAL_NAVIGATION] [Anonymous] Admin switched dashboard tab to: "overview"
[2026-06-18 10:58:08] [PORTAL_NAVIGATION] [Anonymous] Admin switched dashboard tab to: "overview"
[2026-06-18 10:58:08] [ROUTE] [Anonymous] Navigated to portal view: "admin"
[2026-06-18 10:58:08] [ROUTE] [Anonymous] Navigated to portal view: "admin"
[2026-06-18 10:58:19] [ROUTE] [Anonymous] Navigated to portal view: "landing"
[2026-06-18 10:58:43] [CLICK] [Anonymous] Clicked navigation link: "Our Courses"
[2026-06-18 10:58:44] [CLICK] [Anonymous] Clicked navigation link: "About Us"
[2026-06-18 10:58:46] [CLICK] [Anonymous] Clicked navigation link: "Student Portal"
[2026-06-18 10:58:48] [CLICK] [Anonymous] Clicked navigation link: "Contact Us"
[2026-06-18 10:58:50] [CLICK] [Anonymous] Clicked navigation link: "About Us"
[2026-06-18 10:58:50] [CLICK] [Anonymous] Clicked navigation link: "Home"
[2026-06-18 10:58:52] [CLICK] [Anonymous] Clicked navigation link: "About Us"
[2026-06-18 10:58:53] [CLICK] [Anonymous] Clicked navigation link: "Our Courses"
[2026-06-18 10:58:54] [CLICK] [Anonymous] Clicked navigation link: "Student Portal"
[2026-06-18 10:59:09] [CLICK] [Anonymous] Clicked Get Started button in navbar
[2026-06-18 10:59:11] [AUTH_SUCCESS] [marketing@digibookedu.com (marketing)] User logged in successfully
[2026-06-18 10:59:11] [PORTAL_NAVIGATION] [marketing@digibookedu.com (marketing)] Marketing team switched dashboard tab to: "dashboard"
[2026-06-18 10:59:11] [ROUTE] [marketing@digibookedu.com (marketing)] Navigated to portal view: "marketing"
[2026-06-18 10:59:11] [PORTAL_NAVIGATION] [marketing@digibookedu.com (marketing)] Marketing team switched dashboard tab to: "dashboard"
[2026-06-18 10:59:13] [ROUTE] [marketing@digibookedu.com (marketing)] Navigated to portal view: "blogs"
[2026-06-18 10:59:24] [CLICK] [marketing@digibookedu.com (marketing)] Clicked navigation link: "Home"
[2026-06-18 10:59:24] [ROUTE] [marketing@digibookedu.com (marketing)] Navigated to portal view: "landing"
[2026-06-18 10:59:27] [AUTH_LOGOUT] [marketing@digibookedu.com (marketing)] User logged out
[2026-06-18 11:04:00] [ROUTE] [Anonymous] Navigated to portal view: "landing"
[2026-06-18 11:04:00] [ROUTE] [Anonymous] Navigated to portal view: "landing"
[2026-06-18 11:04:03] [CLICK] [Anonymous] Clicked navigation link: "Blogs"
[2026-06-18 11:04:03] [ROUTE] [Anonymous] Navigated to portal view: "blogs"
[2026-06-18 11:04:12] [ROUTE] [Anonymous] Navigated to portal view: "blogs"
[2026-06-18 11:04:12] [ROUTE] [Anonymous] Navigated to portal view: "blogs"
[2026-06-18 11:04:18] [CLICK] [Anonymous] Clicked navigation link: "Home"
[2026-06-18 11:04:19] [ROUTE] [Anonymous] Navigated to portal view: "landing"
[2026-06-18 11:04:26] [CLICK] [Anonymous] Clicked Sign In button in navbar
[2026-06-18 11:04:30] [AUTH_SUCCESS] [marketing@digibookedu.com (marketing)] User logged in successfully
[2026-06-18 11:04:30] [PORTAL_NAVIGATION] [marketing@digibookedu.com (marketing)] Marketing team switched dashboard tab to: "dashboard"
[2026-06-18 11:04:30] [ROUTE] [marketing@digibookedu.com (marketing)] Navigated to portal view: "marketing"
[2026-06-18 11:04:30] [PORTAL_NAVIGATION] [marketing@digibookedu.com (marketing)] Marketing team switched dashboard tab to: "dashboard"
[2026-06-18 11:04:30] [AUTH_SUCCESS] [priyanshupriyesh@gmail.com (admin)] User logged in successfully
[2026-06-18 11:04:30] [AUTH_SUCCESS] [marketing@digibookedu.com (marketing)] User logged in successfully
[2026-06-18 11:04:30] [PORTAL_NAVIGATION] [marketing@digibookedu.com (marketing)] Admin switched dashboard tab to: "overview"
[2026-06-18 11:04:30] [ROUTE] [marketing@digibookedu.com (marketing)] Navigated to portal view: "admin"
[2026-06-18 11:04:30] [PORTAL_NAVIGATION] [marketing@digibookedu.com (marketing)] Admin switched dashboard tab to: "overview"
[2026-06-18 11:04:32] [AUTH_LOGOUT] [priyanshupriyesh@gmail.com (admin)] User logged out
[2026-06-18 11:04:33] [ROUTE] [Anonymous] Navigated to portal view: "landing"
[2026-06-18 11:04:40] [CLICK] [Anonymous] Clicked logo in navbar
[2026-06-18 11:09:15] [ROUTE] [Anonymous] Navigated to portal view: "landing"
[2026-06-18 11:09:15] [ROUTE] [Anonymous] Navigated to portal view: "landing"
[2026-06-18 11:13:00] [ROUTE] [Anonymous] Navigated to portal view: "landing"
[2026-06-18 11:13:00] [ROUTE] [Anonymous] Navigated to portal view: "landing"
[2026-06-18 11:13:03] [CLICK] [Anonymous] Clicked Sign In button in navbar
[2026-06-18 11:16:02] [ROUTE] [Anonymous] Navigated to portal view: "landing"
[2026-06-18 11:16:02] [ROUTE] [Anonymous] Navigated to portal view: "landing"
[2026-06-18 11:16:03] [ROUTE] [Anonymous] Navigated to portal view: "landing"
[2026-06-18 11:16:03] [ROUTE] [Anonymous] Navigated to portal view: "landing"
[2026-06-18 11:16:07] [ROUTE] [Anonymous] Navigated to portal view: "landing"
[2026-06-18 11:16:07] [ROUTE] [Anonymous] Navigated to portal view: "landing"
[2026-06-18 11:16:22] [ROUTE] [Anonymous] Navigated to portal view: "landing"
[2026-06-18 11:19:04] [CLICK] [Anonymous] Clicked Sign In button in navbar
[2026-06-18 11:19:20] [CLICK] [Anonymous] Clicked Get Started button in navbar
[2026-06-18 11:19:26] [AUTH_SUCCESS] [priyanshupriyesh@gmail.com (admin)] User logged in successfully
[2026-06-18 11:19:26] [PORTAL_NAVIGATION] [priyanshupriyesh@gmail.com (admin)] Admin switched dashboard tab to: "overview"
[2026-06-18 11:19:26] [ROUTE] [priyanshupriyesh@gmail.com (admin)] Navigated to portal view: "admin"
[2026-06-18 11:19:26] [PORTAL_NAVIGATION] [priyanshupriyesh@gmail.com (admin)] Admin switched dashboard tab to: "overview"
[2026-06-18 11:19:35] [AUTH_LOGOUT] [priyanshupriyesh@gmail.com (admin)] User logged out
[2026-06-18 11:19:35] [ROUTE] [Anonymous] Navigated to portal view: "landing"
[2026-06-18 11:19:37] [CLICK] [Anonymous] Clicked floating WhatsApp button
[2026-06-18 11:25:28] [ROUTE] [Anonymous] Navigated to portal view: "landing"
[2026-06-18 11:25:28] [ROUTE] [Anonymous] Navigated to portal view: "landing"
[2026-06-18 11:28:51] [ROUTE] [Anonymous] Navigated to portal view: "landing"
[2026-06-18 11:28:51] [ROUTE] [Anonymous] Navigated to portal view: "landing"
[2026-06-18 11:28:51] [CLICK] [Anonymous] Clicked Sign In button in navbar
[2026-06-18 11:29:36] [ROUTE] [Anonymous] Navigated to portal view: "landing"
[2026-06-18 11:29:36] [ROUTE] [Anonymous] Navigated to portal view: "landing"
[2026-06-18 11:29:38] [CLICK] [Anonymous] Clicked Sign In button in navbar
[2026-06-18 11:31:40] [ROUTE] [Anonymous] Navigated to portal view: "landing"
[2026-06-18 11:31:40] [ROUTE] [Anonymous] Navigated to portal view: "landing"
[2026-06-18 11:31:40] [CLICK] [Anonymous] Clicked Sign In button in navbar
[2026-06-18 11:31:45] [ROUTE] [Anonymous] Navigated to portal view: "landing"
[2026-06-18 11:31:45] [ROUTE] [Anonymous] Navigated to portal view: "landing"
[2026-06-18 11:31:46] [CLICK] [Anonymous] Clicked Sign In button in navbar
[2026-06-18 11:42:19] [ROUTE] [Anonymous] Navigated to portal view: "landing"
[2026-06-18 11:42:19] [ROUTE] [Anonymous] Navigated to portal view: "landing"
[2026-06-18 11:42:19] [CLICK] [Anonymous] Clicked Sign In button in navbar
[2026-06-18 11:44:21] [ROUTE] [Anonymous] Navigated to portal view: "landing"
[2026-06-18 11:44:21] [ROUTE] [Anonymous] Navigated to portal view: "landing"
[2026-06-18 11:44:29] [ROUTE] [Anonymous] Navigated to portal view: "landing"
[2026-06-18 11:46:43] [ROUTE] [Anonymous] Navigated to portal view: "landing"
[2026-06-18 11:46:43] [ROUTE] [Anonymous] Navigated to portal view: "landing"
[2026-06-18 11:46:45] [CLICK] [Anonymous] Clicked Sign In button in navbar
[2026-06-18 11:47:04] [ROUTE] [Anonymous] Navigated to portal view: "landing"
[2026-06-18 11:47:04] [ROUTE] [Anonymous] Navigated to portal view: "landing"
[2026-06-18 11:47:06] [CLICK] [Anonymous] Clicked Sign In button in navbar
[2026-06-18 11:52:13] [ROUTE] [Anonymous] Navigated to portal view: "landing"
[2026-06-18 11:52:13] [ROUTE] [Anonymous] Navigated to portal view: "landing"
[2026-06-18 11:52:17] [CLICK] [Anonymous] Clicked Sign In button in navbar
[2026-06-18 11:52:18] [ROUTE] [Anonymous] Navigated to portal view: "landing"
[2026-06-18 11:52:18] [ROUTE] [Anonymous] Navigated to portal view: "landing"
[2026-06-18 11:52:20] [CLICK] [Anonymous] Clicked Sign In button in navbar
[2026-06-18 11:52:21] [ROUTE] [Anonymous] Navigated to portal view: "landing"
[2026-06-18 11:52:21] [ROUTE] [Anonymous] Navigated to portal view: "landing"
[2026-06-18 11:52:22] [CLICK] [Anonymous] Clicked Sign In button in navbar
[2026-06-18 11:52:23] [ROUTE] [Anonymous] Navigated to portal view: "landing"
[2026-06-18 11:52:23] [ROUTE] [Anonymous] Navigated to portal view: "landing"
[2026-06-18 11:54:18] [ROUTE] [Anonymous] Navigated to portal view: "landing"
[2026-06-18 11:54:18] [ROUTE] [Anonymous] Navigated to portal view: "landing"
[2026-06-18 11:55:00] [CLICK] [Anonymous] Clicked Sign In button in navbar
[2026-06-18 11:55:03] [ROUTE] [Anonymous] Navigated to portal view: "landing"
[2026-06-18 11:55:03] [ROUTE] [Anonymous] Navigated to portal view: "landing"
[2026-06-18 11:55:05] [CLICK] [Anonymous] Clicked navigation link: "Student Portal"
[2026-06-18 11:55:06] [ROUTE] [Anonymous] Navigated to portal view: "landing"
[2026-06-18 11:55:06] [ROUTE] [Anonymous] Navigated to portal view: "landing"
